<?xml version="1.0" encoding="UTF-8"?>
<testng-results skipped="0" failed="1" total="1" passed="0">
  <reporter-output>
  </reporter-output>
  <suite name="Default suite" duration-ms="20624" started-at="2017-05-04T13:07:30Z" finished-at="2017-05-04T13:07:50Z">
    <groups>
    </groups>
    <test name="Default test" duration-ms="20624" started-at="2017-05-04T13:07:30Z" finished-at="2017-05-04T13:07:50Z">
      <class name="Tests.AlertPageTest">
        <test-method status="PASS" signature="setUpAppium()[pri:0, instance:Tests.AlertPageTest@59494225]" name="setUpAppium" is-config="true" duration-ms="21882" started-at="2017-05-04T18:37:08Z" finished-at="2017-05-04T18:37:30Z">
          <reporter-output>
          </reporter-output>
        </test-method> <!-- setUpAppium -->
        <test-method status="PASS" signature="setUpPage()[pri:0, instance:Tests.AlertPageTest@59494225]" name="setUpPage" is-config="true" duration-ms="127" started-at="2017-05-04T18:37:30Z" finished-at="2017-05-04T18:37:30Z">
          <reporter-output>
          </reporter-output>
        </test-method> <!-- setUpPage -->
        <test-method status="PASS" signature="navigateTo()[pri:0, instance:Tests.AlertPageTest@59494225]" name="navigateTo" is-config="true" duration-ms="0" started-at="2017-05-04T18:37:30Z" finished-at="2017-05-04T18:37:30Z">
          <reporter-output>
          </reporter-output>
        </test-method> <!-- navigateTo -->
        <test-method status="FAIL" signature="testAlertMessage()[pri:0, instance:Tests.AlertPageTest@59494225]" name="testAlertMessage" duration-ms="10575" started-at="2017-05-04T18:37:30Z" finished-at="2017-05-04T18:37:40Z">
          <exception class="org.openqa.selenium.NoSuchElementException">
            <message>
              <![CDATA[Can't locate an element by this strategy: Locator map: 
- native content: "By.AndroidUIAutomator: new UiSelector().className("android.widget.Button").instance(1)" 
- html content: "by id or name "FbAuthroization""
For documentation on this error, please visit: http://seleniumhq.org/exceptions/no_such_element.html
Build info: version: '2.46.0', revision: '61506a4624b13675f24581e453592342b7485d71', time: '2015-06-04 10:22:50'
System info: host: 'PAM123', ip: '169.254.197.17', os.name: 'Windows 7', os.arch: 'amd64', os.version: '6.1', java.version: '1.8.0_121'
Driver info: driver.version: unknown]]>
            </message>
            <full-stacktrace>
              <![CDATA[org.openqa.selenium.NoSuchElementException: Can't locate an element by this strategy: Locator map: 
- native content: "By.AndroidUIAutomator: new UiSelector().className("android.widget.Button").instance(1)" 
- html content: "by id or name "FbAuthroization""
For documentation on this error, please visit: http://seleniumhq.org/exceptions/no_such_element.html
Build info: version: '2.46.0', revision: '61506a4624b13675f24581e453592342b7485d71', time: '2015-06-04 10:22:50'
System info: host: 'PAM123', ip: '169.254.197.17', os.name: 'Windows 7', os.arch: 'amd64', os.version: '6.1', java.version: '1.8.0_121'
Driver info: driver.version: unknown
	at io.appium.java_client.pagefactory.AppiumElementLocator.findElement(AppiumElementLocator.java:169)
	at io.appium.java_client.pagefactory.ElementInterceptor.intercept(ElementInterceptor.java:30)
	at io.appium.java_client.android.AndroidElement$$EnhancerByCGLIB$$3d6c7416.click(<generated>)
	at Pages.AlertPage.localMachineSetup(AlertPage.java:154)
	at Pages.AlertPage.clickFacebookButton(AlertPage.java:112)
	at Tests.AlertPageTest.testAlertMessage(AlertPageTest.java:58)
	at sun.reflect.NativeMethodAccessorImpl.invoke0(Native Method)
	at sun.reflect.NativeMethodAccessorImpl.invoke(Unknown Source)
	at sun.reflect.DelegatingMethodAccessorImpl.invoke(Unknown Source)
	at java.lang.reflect.Method.invoke(Unknown Source)
	at org.testng.internal.MethodInvocationHelper.invokeMethod(MethodInvocationHelper.java:84)
	at org.testng.internal.Invoker.invokeMethod(Invoker.java:714)
	at org.testng.internal.Invoker.invokeTestMethod(Invoker.java:901)
	at org.testng.internal.Invoker.invokeTestMethods(Invoker.java:1231)
	at org.testng.internal.TestMethodWorker.invokeTestMethods(TestMethodWorker.java:127)
	at org.testng.internal.TestMethodWorker.run(TestMethodWorker.java:111)
	at org.testng.TestRunner.privateRun(TestRunner.java:767)
	at org.testng.TestRunner.run(TestRunner.java:617)
	at org.testng.SuiteRunner.runTest(SuiteRunner.java:348)
	at org.testng.SuiteRunner.runSequentially(SuiteRunner.java:343)
	at org.testng.SuiteRunner.privateRun(SuiteRunner.java:305)
	at org.testng.SuiteRunner.run(SuiteRunner.java:254)
	at org.testng.SuiteRunnerWorker.runSuite(SuiteRunnerWorker.java:52)
	at org.testng.SuiteRunnerWorker.run(SuiteRunnerWorker.java:86)
	at org.testng.TestNG.runSuitesSequentially(TestNG.java:1224)
	at org.testng.TestNG.runSuitesLocally(TestNG.java:1149)
	at org.testng.TestNG.run(TestNG.java:1057)
	at org.testng.remote.AbstractRemoteTestNG.run(AbstractRemoteTestNG.java:132)
	at org.testng.remote.RemoteTestNG.initAndRun(RemoteTestNG.java:230)
	at org.testng.remote.RemoteTestNG.main(RemoteTestNG.java:76)
]]>
            </full-stacktrace>
          </exception> <!-- org.openqa.selenium.NoSuchElementException -->
          <reporter-output>
          </reporter-output>
        </test-method> <!-- testAlertMessage -->
        <test-method status="PASS" signature="restartApp()[pri:0, instance:Tests.AlertPageTest@59494225]" name="restartApp" is-config="true" duration-ms="9901" started-at="2017-05-04T18:37:40Z" finished-at="2017-05-04T18:37:50Z">
          <reporter-output>
          </reporter-output>
        </test-method> <!-- restartApp -->
        <test-method status="PASS" signature="tearDownAppium()[pri:0, instance:Tests.AlertPageTest@59494225]" name="tearDownAppium" is-config="true" duration-ms="2246" started-at="2017-05-04T18:37:50Z" finished-at="2017-05-04T18:37:53Z">
          <reporter-output>
          </reporter-output>
        </test-method> <!-- tearDownAppium -->
      </class> <!-- Tests.AlertPageTest -->
    </test> <!-- Default test -->
  </suite> <!-- Default suite -->
</testng-results>
